mode: set
github.com/ASHWIN776/learning-Go/internal/forms/errors.go:5.50,7.2 1 1
github.com/ASHWIN776/learning-Go/internal/forms/errors.go:9.43,12.18 2 1
github.com/ASHWIN776/learning-Go/internal/forms/errors.go:12.18,14.3 1 1
github.com/ASHWIN776/learning-Go/internal/forms/errors.go:16.2,16.14 1 1
github.com/ASHWIN776/learning-Go/internal/forms/forms.go:17.33,22.2 1 1
github.com/ASHWIN776/learning-Go/internal/forms/forms.go:25.31,27.2 1 1
github.com/ASHWIN776/learning-Go/internal/forms/forms.go:30.39,33.15 2 1
github.com/ASHWIN776/learning-Go/internal/forms/forms.go:33.15,36.3 2 1
github.com/ASHWIN776/learning-Go/internal/forms/forms.go:38.2,38.13 1 1
github.com/ASHWIN776/learning-Go/internal/forms/forms.go:42.43,43.31 1 1
github.com/ASHWIN776/learning-Go/internal/forms/forms.go:43.31,46.35 2 1
github.com/ASHWIN776/learning-Go/internal/forms/forms.go:46.35,48.4 1 1
github.com/ASHWIN776/learning-Go/internal/forms/forms.go:53.52,56.23 2 1
github.com/ASHWIN776/learning-Go/internal/forms/forms.go:56.23,58.3 1 1
github.com/ASHWIN776/learning-Go/internal/forms/forms.go:62.38,65.31 2 1
github.com/ASHWIN776/learning-Go/internal/forms/forms.go:65.31,67.3 1 1
